<?xml version="1.0" encoding="UTF-8"?>
<!-- Generated by org.testng.reporters.JUnitReportReporter -->
<testsuite skipped="0" hostname="MININT-UM25UFB" name="com.dollardays.testcases.Team2TaxExemptTestCase" tests="9" failures="0" timestamp="2020-10-05T17:13:57 EDT" time="249.072" errors="0">
  <testcase name="ValidateTaxExemptRequiredFields" time="24.910" classname="com.dollardays.testcases.Team2TaxExemptTestCase"/>
  <system-out/>
  <testcase name="ValidateTaxExemptRequiredFields" time="31.618" classname="com.dollardays.testcases.Team2TaxExemptTestCase"/>
  <system-out/>
  <testcase name="ValidateTaxExemptRequiredFields" time="30.996" classname="com.dollardays.testcases.Team2TaxExemptTestCase"/>
  <system-out/>
  <testcase name="ValidateTaxExemptRequiredFields" time="27.963" classname="com.dollardays.testcases.Team2TaxExemptTestCase"/>
  <system-out/>
  <testcase name="ValidateTaxExemptRequiredFields" time="27.244" classname="com.dollardays.testcases.Team2TaxExemptTestCase"/>
  <system-out/>
  <testcase name="ValidateTaxExemptRequiredFields" time="29.178" classname="com.dollardays.testcases.Team2TaxExemptTestCase"/>
  <system-out/>
  <testcase name="ValidateTaxExemptRequiredFields" time="26.025" classname="com.dollardays.testcases.Team2TaxExemptTestCase"/>
  <system-out/>
  <testcase name="ValidateTaxExemptRequiredFields" time="25.235" classname="com.dollardays.testcases.Team2TaxExemptTestCase"/>
  <system-out/>
  <testcase name="ValidateTaxExemptRequiredFields" time="25.903" classname="com.dollardays.testcases.Team2TaxExemptTestCase"/>
  <system-out/>
</testsuite> <!-- com.dollardays.testcases.Team2TaxExemptTestCase -->
